(0000) 3000  0011000000000000 (  10)                 .ORIG x3000
(3000) 5020  0101000000100000 (  13)                 AND   R0 R0 #0
(3001) 5260  0101001001100000 (  14)                 AND   R1 R1 #0
(3002) 54A0  0101010010100000 (  15)                 AND   R2 R2 #0
(3003) 56E0  0101011011100000 (  16)                 AND   R3 R3 #0
(3004) 5920  0101100100100000 (  17)                 AND   R4 R4 #0
(3005) 5B60  0101101101100000 (  18)                 AND   R5 R5 #0
(3006) 5DA0  0101110110100000 (  19)                 AND   R6 R6 #0
(3007) 5FE0  0101111111100000 (  20)                 AND   R7 R7 #0
(3008) E073  1110000001110011 (  22)                 LEA   R0 GREET
(3009) F022  1111000000100010 (  23)                 TRAP  x22
(300A) F020  1111000000100000 (  26)                 TRAP  x20
(300B) F021  1111000000100001 (  27)                 TRAP  x21
(300C) 1420  0001010000100000 (  28)                 ADD   R2 R0 #0
(300D) F020  1111000000100000 (  30)                 TRAP  x20
(300E) F021  1111000000100001 (  31)                 TRAP  x21
(300F) 1620  0001011000100000 (  32)                 ADD   R3 R0 #0
(3010) F020  1111000000100000 (  34)                 TRAP  x20
(3011) F021  1111000000100001 (  35)                 TRAP  x21
(3012) 1820  0001100000100000 (  36)                 ADD   R4 R0 #0
(3013) 5260  0101001001100000 (  39)                 AND   R1 R1 #0
(3014) 5020  0101000000100000 (  40)                 AND   R0 R0 #0
(3015) 2A8D  0010101010001101 (  44) CHAR1           LD    R5 PNT1
(3016) 6D40  0110110101000000 (  45)                 LDR   R6 R5 #0
(3017) 1FBC  0001111110111100 (  47) CHCKV1          ADD   R7 R6 #-4
(3018) 0C08  0000110000001000 (  48)                 BRNZ  CONSON1
(3019) 9DBF  1001110110111111 (  50)                 NOT   R6 R6
(301A) 1D82  0001110110000010 (  51)                 ADD   R6 R6 R2
(301B) 9DBF  1001110110111111 (  52)                 NOT   R6 R6
(301C) 0A01  0000101000000001 (  53)                 BRNP  VOWEL1
(301D) 1261  0001001001100001 (  54)                 ADD   R1 R1 #1
(301E) 1B61  0001101101100001 (  56) VOWEL1          ADD   R5 R5 #1
(301F) 6D40  0110110101000000 (  57)                 LDR   R6 R5 #0
(3020) 0FF6  0000111111110110 (  58)                 BRNZP CHCKV1
(3021) 2A82  0010101010000010 (  62) CONSON1         LD    R5 PNT2
(3022) 6D40  0110110101000000 (  63)                 LDR   R6 R5 #0
(3023) 1FBC  0001111110111100 (  65) CHCKC1          ADD   R7 R6 #-4
(3024) 0C08  0000110000001000 (  66)                 BRNZ  CHAR2
(3025) 9DBF  1001110110111111 (  68)                 NOT   R6 R6
(3026) 1D82  0001110110000010 (  69)                 ADD   R6 R6 R2
(3027) 9DBF  1001110110111111 (  70)                 NOT   R6 R6
(3028) 0A01  0000101000000001 (  71)                 BRNP  LETTR1
(3029) 1021  0001000000100001 (  72)                 ADD   R0 R0 #1
(302A) 1B61  0001101101100001 (  74) LETTR1          ADD   R5 R5 #1
(302B) 6D40  0110110101000000 (  75)                 LDR   R6 R5 #0
(302C) 0FF6  0000111111110110 (  76)                 BRNZP CHCKC1
(302D) 2A75  0010101001110101 (  79) CHAR2           LD    R5 PNT1
(302E) 6D40  0110110101000000 (  80)                 LDR   R6 R5 #0
(302F) 1FBC  0001111110111100 (  82) CHCKV2          ADD   R7 R6 #-4
(3030) 0C08  0000110000001000 (  83)                 BRNZ  CONSON2
(3031) 9DBF  1001110110111111 (  85)                 NOT   R6 R6
(3032) 1D83  0001110110000011 (  86)                 ADD   R6 R6 R3
(3033) 9DBF  1001110110111111 (  87)                 NOT   R6 R6
(3034) 0A01  0000101000000001 (  88)                 BRNP  VOWEL2
(3035) 1261  0001001001100001 (  89)                 ADD   R1 R1 #1
(3036) 1B61  0001101101100001 (  91) VOWEL2          ADD   R5 R5 #1
(3037) 6D40  0110110101000000 (  92)                 LDR   R6 R5 #0
(3038) 0FF6  0000111111110110 (  93)                 BRNZP CHCKV2
(3039) 2A6A  0010101001101010 (  97) CONSON2         LD    R5 PNT2
(303A) 6D40  0110110101000000 (  98)                 LDR   R6 R5 #0
(303B) 1FBC  0001111110111100 ( 100) CHCKC2          ADD   R7 R6 #-4
(303C) 0C08  0000110000001000 ( 101)                 BRNZ  CHAR3
(303D) 9DBF  1001110110111111 ( 103)                 NOT   R6 R6
(303E) 1D83  0001110110000011 ( 104)                 ADD   R6 R6 R3
(303F) 9DBF  1001110110111111 ( 105)                 NOT   R6 R6
(3040) 0A01  0000101000000001 ( 106)                 BRNP  LETTR2
(3041) 1021  0001000000100001 ( 107)                 ADD   R0 R0 #1
(3042) 1B61  0001101101100001 ( 109) LETTR2          ADD   R5 R5 #1
(3043) 6D40  0110110101000000 ( 110)                 LDR   R6 R5 #0
(3044) 0FF6  0000111111110110 ( 111)                 BRNZP CHCKC2
(3045) 2A5D  0010101001011101 ( 115) CHAR3           LD    R5 PNT1
(3046) 6D40  0110110101000000 ( 116)                 LDR   R6 R5 #0
(3047) 1FBC  0001111110111100 ( 118) CHCKV3          ADD   R7 R6 #-4
(3048) 0C08  0000110000001000 ( 119)                 BRNZ  CONSON3
(3049) 9DBF  1001110110111111 ( 121)                 NOT   R6 R6
(304A) 1D84  0001110110000100 ( 122)                 ADD   R6 R6 R4
(304B) 9DBF  1001110110111111 ( 123)                 NOT   R6 R6
(304C) 0A01  0000101000000001 ( 124)                 BRNP  VOWEL3
(304D) 1261  0001001001100001 ( 125)                 ADD   R1 R1 #1
(304E) 1B61  0001101101100001 ( 127) VOWEL3          ADD   R5 R5 #1
(304F) 6D40  0110110101000000 ( 128)                 LDR   R6 R5 #0
(3050) 0FF6  0000111111110110 ( 129)                 BRNZP CHCKV3
(3051) 2A52  0010101001010010 ( 133) CONSON3         LD    R5 PNT2
(3052) 6D40  0110110101000000 ( 134)                 LDR   R6 R5 #0
(3053) 1FBC  0001111110111100 ( 136) CHCKC3          ADD   R7 R6 #-4
(3054) 0C08  0000110000001000 ( 137)                 BRNZ  VWLCHCK
(3055) 9DBF  1001110110111111 ( 139)                 NOT   R6 R6
(3056) 1D84  0001110110000100 ( 140)                 ADD   R6 R6 R4
(3057) 9DBF  1001110110111111 ( 141)                 NOT   R6 R6
(3058) 0A01  0000101000000001 ( 142)                 BRNP  LETTR3
(3059) 1021  0001000000100001 ( 143)                 ADD   R0 R0 #1
(305A) 1B61  0001101101100001 ( 145) LETTR3          ADD   R5 R5 #1
(305B) 6D40  0110110101000000 ( 146)                 LDR   R6 R5 #0
(305C) 0FF6  0000111111110110 ( 147)                 BRNZP CHCKC3
(305D) 1C20  0001110000100000 ( 152) VWLCHCK         ADD   R6 R0 #0
(305E) 1260  0001001001100000 ( 153)                 ADD   R1 R1 #0
(305F) 0205  0000001000000101 ( 154)                 BRP   ERRCHCK
(3060) 2040  0010000001000000 ( 155)                 LD    R0 NLINE
(3061) F021  1111000000100001 ( 156)                 TRAP  x21
(3062) E05E  1110000001011110 ( 157)                 LEA   R0 ERROR
(3063) F022  1111000000100010 ( 158)                 TRAP  x22
(3064) F025  1111000000100101 ( 160)                 TRAP  x25
(3065) 1C20  0001110000100000 ( 163) ERRCHCK         ADD   R6 R0 #0
(3066) 1B81  0001101110000001 ( 164)                 ADD   R5 R6 R1
(3067) 9B7F  1001101101111111 ( 165)                 NOT   R5 R5
(3068) 1F63  0001111101100011 ( 166)                 ADD   R7 R5 #3
(3069) 0805  0000100000000101 ( 167)                 BRN   OUTPUT
(306A) 2036  0010000000110110 ( 168)                 LD    R0 NLINE
(306B) F021  1111000000100001 ( 169)                 TRAP  x21
(306C) E054  1110000001010100 ( 170)                 LEA   R0 ERROR
(306D) F022  1111000000100010 ( 171)                 TRAP  x22
(306E) F025  1111000000100101 ( 173)                 TRAP  x25
(306F) 2031  0010000000110001 ( 175) OUTPUT          LD    R0 NLINE
(3070) F021  1111000000100001 ( 176)                 TRAP  x21
(3071) 10E0  0001000011100000 ( 177)                 ADD   R0 R3 #0
(3072) F021  1111000000100001 ( 178)                 TRAP  x21
(3073) 1120  0001000100100000 ( 179)                 ADD   R0 R4 #0
(3074) F021  1111000000100001 ( 180)                 TRAP  x21
(3075) 10A0  0001000010100000 ( 181)                 ADD   R0 R2 #0
(3076) F021  1111000000100001 ( 182)                 TRAP  x21
(3077) E046  1110000001000110 ( 183)                 LEA   R0 ENDS
(3078) F022  1111000000100010 ( 184)                 TRAP  x22
(3079) E02B  1110000000101011 ( 185)                 LEA   R0 PIGL
(307A) F022  1111000000100010 ( 186)                 TRAP  x22
(307B) F025  1111000000100101 ( 188)                 TRAP  x25
(307C) 0057  0000000001010111 ( 192) GREET           .FILL x0057
(307D) 0065  0000000001100101 ( 192)                 .FILL x0065
(307E) 006C  0000000001101100 ( 192)                 .FILL x006C
(307F) 0063  0000000001100011 ( 192)                 .FILL x0063
(3080) 006F  0000000001101111 ( 192)                 .FILL x006F
(3081) 006D  0000000001101101 ( 192)                 .FILL x006D
(3082) 0065  0000000001100101 ( 192)                 .FILL x0065
(3083) 002E  0000000000101110 ( 192)                 .FILL x002E
(3084) 000A  0000000000001010 ( 192)                 .FILL x000A
(3085) 0045  0000000001000101 ( 192)                 .FILL x0045
(3086) 006E  0000000001101110 ( 192)                 .FILL x006E
(3087) 0074  0000000001110100 ( 192)                 .FILL x0074
(3088) 0065  0000000001100101 ( 192)                 .FILL x0065
(3089) 0072  0000000001110010 ( 192)                 .FILL x0072
(308A) 0020  0000000000100000 ( 192)                 .FILL x0020
(308B) 0061  0000000001100001 ( 192)                 .FILL x0061
(308C) 0020  0000000000100000 ( 192)                 .FILL x0020
(308D) 0074  0000000001110100 ( 192)                 .FILL x0074
(308E) 0068  0000000001101000 ( 192)                 .FILL x0068
(308F) 0072  0000000001110010 ( 192)                 .FILL x0072
(3090) 0065  0000000001100101 ( 192)                 .FILL x0065
(3091) 0065  0000000001100101 ( 192)                 .FILL x0065
(3092) 0020  0000000000100000 ( 192)                 .FILL x0020
(3093) 006C  0000000001101100 ( 192)                 .FILL x006C
(3094) 0065  0000000001100101 ( 192)                 .FILL x0065
(3095) 0074  0000000001110100 ( 192)                 .FILL x0074
(3096) 0074  0000000001110100 ( 192)                 .FILL x0074
(3097) 0065  0000000001100101 ( 192)                 .FILL x0065
(3098) 0072  0000000001110010 ( 192)                 .FILL x0072
(3099) 0020  0000000000100000 ( 192)                 .FILL x0020
(309A) 0077  0000000001110111 ( 192)                 .FILL x0077
(309B) 006F  0000000001101111 ( 192)                 .FILL x006F
(309C) 0072  0000000001110010 ( 192)                 .FILL x0072
(309D) 0064  0000000001100100 ( 192)                 .FILL x0064
(309E) 003A  0000000000111010 ( 192)                 .FILL x003A
(309F) 0020  0000000000100000 ( 192)                 .FILL x0020
(30A0) 0000  0000000000000000 ( 192)                 .FILL x0000
(30A1) 000A  0000000000001010 ( 193) NLINE           .FILL x000A
(30A2) 0030  0000000000110000 ( 194) ASCII           .FILL x0030
(30A3) 4000  0100000000000000 ( 195) PNT1            .FILL x4000
(30A4) 5000  0101000000000000 ( 196) PNT2            .FILL x5000
(30A5) 0020  0000000000100000 ( 197) PIGL            .FILL x0020
(30A6) 0069  0000000001101001 ( 197)                 .FILL x0069
(30A7) 0073  0000000001110011 ( 197)                 .FILL x0073
(30A8) 0020  0000000000100000 ( 197)                 .FILL x0020
(30A9) 0074  0000000001110100 ( 197)                 .FILL x0074
(30AA) 0068  0000000001101000 ( 197)                 .FILL x0068
(30AB) 0065  0000000001100101 ( 197)                 .FILL x0065
(30AC) 0020  0000000000100000 ( 197)                 .FILL x0020
(30AD) 0050  0000000001010000 ( 197)                 .FILL x0050
(30AE) 0069  0000000001101001 ( 197)                 .FILL x0069
(30AF) 0067  0000000001100111 ( 197)                 .FILL x0067
(30B0) 0020  0000000000100000 ( 197)                 .FILL x0020
(30B1) 004C  0000000001001100 ( 197)                 .FILL x004C
(30B2) 0061  0000000001100001 ( 197)                 .FILL x0061
(30B3) 0074  0000000001110100 ( 197)                 .FILL x0074
(30B4) 0069  0000000001101001 ( 197)                 .FILL x0069
(30B5) 006E  0000000001101110 ( 197)                 .FILL x006E
(30B6) 0020  0000000000100000 ( 197)                 .FILL x0020
(30B7) 0066  0000000001100110 ( 197)                 .FILL x0066
(30B8) 006F  0000000001101111 ( 197)                 .FILL x006F
(30B9) 0072  0000000001110010 ( 197)                 .FILL x0072
(30BA) 006D  0000000001101101 ( 197)                 .FILL x006D
(30BB) 002E  0000000000101110 ( 197)                 .FILL x002E
(30BC) 000A  0000000000001010 ( 197)                 .FILL x000A
(30BD) 0000  0000000000000000 ( 197)                 .FILL x0000
(30BE) 0061  0000000001100001 ( 198) ENDS            .FILL x0061
(30BF) 0079  0000000001111001 ( 198)                 .FILL x0079
(30C0) 0000  0000000000000000 ( 198)                 .FILL x0000
(30C1) 000A  0000000000001010 ( 199) ERROR           .FILL x000A
(30C2) 004F  0000000001001111 ( 199)                 .FILL x004F
(30C3) 006E  0000000001101110 ( 199)                 .FILL x006E
(30C4) 006C  0000000001101100 ( 199)                 .FILL x006C
(30C5) 0079  0000000001111001 ( 199)                 .FILL x0079
(30C6) 0020  0000000000100000 ( 199)                 .FILL x0020
(30C7) 0069  0000000001101001 ( 199)                 .FILL x0069
(30C8) 006E  0000000001101110 ( 199)                 .FILL x006E
(30C9) 0070  0000000001110000 ( 199)                 .FILL x0070
(30CA) 0075  0000000001110101 ( 199)                 .FILL x0075
(30CB) 0074  0000000001110100 ( 199)                 .FILL x0074
(30CC) 0020  0000000000100000 ( 199)                 .FILL x0020
(30CD) 006C  0000000001101100 ( 199)                 .FILL x006C
(30CE) 0065  0000000001100101 ( 199)                 .FILL x0065
(30CF) 0074  0000000001110100 ( 199)                 .FILL x0074
(30D0) 0074  0000000001110100 ( 199)                 .FILL x0074
(30D1) 0065  0000000001100101 ( 199)                 .FILL x0065
(30D2) 0072  0000000001110010 ( 199)                 .FILL x0072
(30D3) 0073  0000000001110011 ( 199)                 .FILL x0073
(30D4) 0020  0000000000100000 ( 199)                 .FILL x0020
(30D5) 0061  0000000001100001 ( 199)                 .FILL x0061
(30D6) 002D  0000000000101101 ( 199)                 .FILL x002D
(30D7) 007A  0000000001111010 ( 199)                 .FILL x007A
(30D8) 002E  0000000000101110 ( 199)                 .FILL x002E
(30D9) 0020  0000000000100000 ( 199)                 .FILL x0020
(30DA) 004D  0000000001001101 ( 199)                 .FILL x004D
(30DB) 0075  0000000001110101 ( 199)                 .FILL x0075
(30DC) 0073  0000000001110011 ( 199)                 .FILL x0073
(30DD) 0074  0000000001110100 ( 199)                 .FILL x0074
(30DE) 0020  0000000000100000 ( 199)                 .FILL x0020
(30DF) 0069  0000000001101001 ( 199)                 .FILL x0069
(30E0) 006E  0000000001101110 ( 199)                 .FILL x006E
(30E1) 0063  0000000001100011 ( 199)                 .FILL x0063
(30E2) 006C  0000000001101100 ( 199)                 .FILL x006C
(30E3) 0075  0000000001110101 ( 199)                 .FILL x0075
(30E4) 0064  0000000001100100 ( 199)                 .FILL x0064
(30E5) 0065  0000000001100101 ( 199)                 .FILL x0065
(30E6) 0020  0000000000100000 ( 199)                 .FILL x0020
(30E7) 006F  0000000001101111 ( 199)                 .FILL x006F
(30E8) 006E  0000000001101110 ( 199)                 .FILL x006E
(30E9) 0065  0000000001100101 ( 199)                 .FILL x0065
(30EA) 0020  0000000000100000 ( 199)                 .FILL x0020
(30EB) 006F  0000000001101111 ( 199)                 .FILL x006F
(30EC) 0066  0000000001100110 ( 199)                 .FILL x0066
(30ED) 0020  0000000000100000 ( 199)                 .FILL x0020
(30EE) 0027  0000000000100111 ( 199)                 .FILL x0027
(30EF) 0061  0000000001100001 ( 199)                 .FILL x0061
(30F0) 0065  0000000001100101 ( 199)                 .FILL x0065
(30F1) 0069  0000000001101001 ( 199)                 .FILL x0069
(30F2) 006F  0000000001101111 ( 199)                 .FILL x006F
(30F3) 0075  0000000001110101 ( 199)                 .FILL x0075
(30F4) 0079  0000000001111001 ( 199)                 .FILL x0079
(30F5) 0027  0000000000100111 ( 199)                 .FILL x0027
(30F6) 002E  0000000000101110 ( 199)                 .FILL x002E
(30F7) 000A  0000000000001010 ( 199)                 .FILL x000A
(30F8) 0000  0000000000000000 ( 199)                 .FILL x0000
